{"/Users/yaodebian/pro/my_open_source/basic-webpack/lib/webpack.base.js":{"path":"/Users/yaodebian/pro/my_open_source/basic-webpack/lib/webpack.base.js","s":{"1":1,"2":1,"3":1,"4":1,"5":1,"6":1,"7":1,"8":1,"9":1,"10":1,"11":1,"12":1,"13":1,"14":2,"15":2,"16":2,"17":2,"18":1,"19":1,"20":1,"21":0,"22":0,"23":0,"24":0},"b":{"1":[2,2],"2":[0,0],"3":[0,0,0]},"f":{"1":0},"fnMap":{"1":{"name":"errorPlugin","line":123,"loc":{"start":{"line":123,"column":4},"end":{"line":123,"column":27}}}},"statementMap":{"1":{"start":{"line":1,"column":0},"end":{"line":1,"column":44}},"2":{"start":{"line":2,"column":0},"end":{"line":2,"column":28}},"3":{"start":{"line":3,"column":0},"end":{"line":3,"column":28}},"4":{"start":{"line":4,"column":0},"end":{"line":4,"column":58}},"5":{"start":{"line":5,"column":0},"end":{"line":5,"column":77}},"6":{"start":{"line":6,"column":0},"end":{"line":6,"column":56}},"7":{"start":{"line":7,"column":0},"end":{"line":7,"column":63}},"8":{"start":{"line":9,"column":0},"end":{"line":9,"column":34}},"9":{"start":{"line":11,"column":0},"end":{"line":45,"column":1}},"10":{"start":{"line":12,"column":2},"end":{"line":12,"column":18}},"11":{"start":{"line":13,"column":2},"end":{"line":13,"column":31}},"12":{"start":{"line":14,"column":2},"end":{"line":14,"column":74}},"13":{"start":{"line":16,"column":2},"end":{"line":39,"column":3}},"14":{"start":{"line":17,"column":4},"end":{"line":17,"column":52}},"15":{"start":{"line":18,"column":4},"end":{"line":18,"column":38}},"16":{"start":{"line":20,"column":4},"end":{"line":20,"column":26}},"17":{"start":{"line":22,"column":4},"end":{"line":38,"column":5}},"18":{"start":{"line":41,"column":2},"end":{"line":44,"column":3}},"19":{"start":{"line":47,"column":0},"end":{"line":47,"column":46}},"20":{"start":{"line":49,"column":0},"end":{"line":132,"column":1}},"21":{"start":{"line":77,"column":29},"end":{"line":81,"column":15}},"22":{"start":{"line":124,"column":6},"end":{"line":128,"column":9}},"23":{"start":{"line":125,"column":8},"end":{"line":127,"column":9}},"24":{"start":{"line":126,"column":10},"end":{"line":126,"column":26}}},"branchMap":{"1":{"line":18,"type":"binary-expr","locations":[{"start":{"line":18,"column":21},"end":{"line":18,"column":26}},{"start":{"line":18,"column":30},"end":{"line":18,"column":38}}]},"2":{"line":125,"type":"if","locations":[{"start":{"line":125,"column":8},"end":{"line":125,"column":8}},{"start":{"line":125,"column":8},"end":{"line":125,"column":8}}]},"3":{"line":125,"type":"binary-expr","locations":[{"start":{"line":125,"column":12},"end":{"line":125,"column":36}},{"start":{"line":125,"column":40},"end":{"line":125,"column":71}},{"start":{"line":125,"column":75},"end":{"line":125,"column":113}}]}}}}